2018-03-09 11:45:32 trace :
------------
String:
<xml><ToUserName><![CDATA[gh_f3f4d9e4ab3a]]></ToUserName>
<FromUserName><![CDATA[oEpzc0-F3A1qa0fAby04HQVa3kZw]]></FromUserName>
<CreateTime>1520567132</CreateTime>
<MsgType><![CDATA[event]]></MsgType>
<Event><![CDATA[subscribe]]></Event>
<EventKey><![CDATA[]]></EventKey>
</xml>

2018-03-09 11:45:33 params :
------------
String:
array (
  'rule' => -2,
  'module' => '',
  'message' => 
  array (
    'tousername' => 'gh_f3f4d9e4ab3a',
    'fromusername' => 'oEpzc0-F3A1qa0fAby04HQVa3kZw',
    'createtime' => '1520567132',
    'msgtype' => 'event',
    'event' => 'subscribe',
    'eventkey' => '',
    'from' => 'oEpzc0-F3A1qa0fAby04HQVa3kZw',
    'to' => 'gh_f3f4d9e4ab3a',
    'time' => '1520567132',
    'type' => 'text',
    'redirection' => true,
    'source' => 'subscribe',
  ),
)

2018-03-09 11:45:33 response :
------------

